-------------------------------------------------------------------------------------------------------
      name:  <unnamed>
       log:  /Users/lukekeller/Desktop/ppol6818-spring2026/week3-stata1/lsk70/outputs/Q2.log
  log type:  text
 opened on:   7 Feb 2026, 23:12:21

. 
. ****************************************************
. * Load Q2 data
. use "$data/q2_village_pixel.dta", clear

. 
. *Answering questions
. 
. *a: Create variable checking if there is intra-pixel variation in payouts
. 
. bys pixel: egen min_payout = min(payout)        // for each pixel group, ID min payout per pixel and 
> tag each row with that data

. bys pixel: egen max_payout = max(payout)        // "" ID max payout per pixel ""

. 
. gen pixel_consistent = (min_payout == max_payout)       // create new variable to ID when there is no
>  variation in payout within pixel

. 
. tab pixel_consistent

pixel_consi |
      stent |      Freq.     Percent        Cum.
------------+-----------------------------------
          1 |        958      100.00      100.00
------------+-----------------------------------
      Total |        958      100.00

. 
. *Within every pixel all households have the same payout status
. 
. *b: Create variable checking if village spans multiple pixels
. 
. bys village pixel: gen byte pixel_tag = (_n == 1)   // tag unique pixels within village groups

. bys village: egen n_pixels = total(pixel_tag)       // count unique pixel tags per village

. 
. gen pixel_village = (n_pixels > 1)                  // =1 if village spans multiple pixels

. 
. tab pixel_village

pixel_villa |
         ge |      Freq.     Percent        Cum.
------------+-----------------------------------
          0 |        834       87.06       87.06
          1 |        124       12.94      100.00
------------+-----------------------------------
      Total |        958      100.00

. 
. *c: Classify villages based on pixel span and payout variation
. 
. *Define pixel-level payout (constant within pixel)
. bys pixel: egen pixel_payout = min(payout)

. 
. *Within each village, check variation in pixel payouts
. bys village: egen min_pixel_payout = min(pixel_payout)

. bys village: egen max_pixel_payout = max(pixel_payout)

. 
. *Village classification
. gen village_type = .
(958 missing values generated)

. 
. replace village_type = 1 if pixel_village == 0
(834 real changes made)

. 
. replace village_type = 2 if pixel_village == 1 & min_pixel_payout == max_pixel_payout
(50 real changes made)

. 
. replace village_type = 3 if pixel_village == 1 & min_pixel_payout != max_pixel_payout
(74 real changes made)

. 
. tab village_type

village_typ |
          e |      Freq.     Percent        Cum.
------------+-----------------------------------
          1 |        834       87.06       87.06
          2 |         50        5.22       92.28
          3 |         74        7.72      100.00
------------+-----------------------------------
      Total |        958      100.00

. 
. *Export hhid for type 2 villages (included other data for context)
. preserve

.     keep if village_type == 2
(908 observations deleted)

.     keep hhid village pixel payout

.     sort village hhid

.     export delimited using "$out/Q2c_value2_households.csv", replace
file /Users/lukekeller/Desktop/ppol6818-spring2026/week3-stata1/lsk70/outputs/Q2c_value2_households.csv
>  saved

. restore

. 
. ****************************************************
. 
. log close
      name:  <unnamed>
       log:  /Users/lukekeller/Desktop/ppol6818-spring2026/week3-stata1/lsk70/outputs/Q2.log
  log type:  text
 closed on:   7 Feb 2026, 23:12:21
-------------------------------------------------------------------------------------------------------
